Flow report for ripple_adder
Mon Mar 11 13:49:46 2024
Quartus Prime Version 18.0.0 Build 614 04/24/2018 SJ Lite Edition


---------------------
; Table of Contents ;
---------------------
  1. Legal Notice
  2. Flow Summary
  3. Flow Settings
  4. Flow Non-Default Global Settings
  5. Flow Elapsed Time
  6. Flow OS Summary
  7. Flow Log
  8. Flow Messages
  9. Flow Suppressed Messages



----------------
; Legal Notice ;
----------------
Copyright (C) 2018  Intel Corporation. All rights reserved.
Your use of Intel Corporation's design tools, logic functions 
and other software and tools, and its AMPP partner logic 
functions, and any output files from any of the foregoing 
(including device programming or simulation files), and any 
associated documentation or information are expressly subject 
to the terms and conditions of the Intel Program License 
Subscription Agreement, the Intel Quartus Prime License Agreement,
the Intel FPGA IP License Agreement, or other applicable license
agreement, including, without limitation, that your use is for
the sole purpose of programming logic devices manufactured by
Intel and sold by Intel or its authorized distributors.  Please
refer to the applicable agreement for further details.



+----------------------------------------------------------------------------------+
; Flow Summary                                                                     ;
+------------------------------------+---------------------------------------------+
; Flow Status                        ; Successful - Mon Mar 11 13:49:46 2024       ;
; Quartus Prime Version              ; 18.0.0 Build 614 04/24/2018 SJ Lite Edition ;
; Revision Name                      ; ripple_adder                                ;
; Top-level Entity Name              ; lab4_adders_toplevel                        ;
; Family                             ; Cyclone IV E                                ;
; Device                             ; EP4CE115F29C7                               ;
; Timing Models                      ; Final                                       ;
; Total logic elements               ; 123 / 114,480 ( < 1 % )                     ;
;     Total combinational functions  ; 114 / 114,480 ( < 1 % )                     ;
;     Dedicated logic registers      ; 105 / 114,480 ( < 1 % )                     ;
; Total registers                    ; 105                                         ;
; Total pins                         ; 93 / 529 ( 18 % )                           ;
; Total virtual pins                 ; 0                                           ;
; Total memory bits                  ; 0 / 3,981,312 ( 0 % )                       ;
; Embedded Multiplier 9-bit elements ; 0 / 532 ( 0 % )                             ;
; Total PLLs                         ; 0 / 4 ( 0 % )                               ;
+------------------------------------+---------------------------------------------+


+-----------------------------------------+
; Flow Settings                           ;
+-------------------+---------------------+
; Option            ; Setting             ;
+-------------------+---------------------+
; Start date & time ; 03/11/2024 13:49:09 ;
; Main task         ; Compilation         ;
; Revision Name     ; ripple_adder        ;
+-------------------+---------------------+


+--------------------------------------------------------------------------------------------------------------------------------------+
; Flow Non-Default Global Settings                                                                                                     ;
+-------------------------------------+----------------------------------------+---------------+----------------------+----------------+
; Assignment Name                     ; Value                                  ; Default Value ; Entity Name          ; Section Id     ;
+-------------------------------------+----------------------------------------+---------------+----------------------+----------------+
; COMPILER_SIGNATURE_ID               ; 1097781920626.171013614900324          ; --            ; --                   ; --             ;
; EDA_OUTPUT_DATA_FORMAT              ; Systemverilog Hdl                      ; --            ; --                   ; eda_simulation ;
; EDA_SIMULATION_TOOL                 ; ModelSim-Altera (SystemVerilog)        ; <None>        ; --                   ; --             ;
; EDA_TIME_SCALE                      ; 1 ps                                   ; --            ; --                   ; eda_simulation ;
; FLOW_ENABLE_POWER_ANALYZER          ; On                                     ; Off           ; --                   ; --             ;
; MAX_CORE_JUNCTION_TEMP              ; 85                                     ; --            ; --                   ; --             ;
; MIN_CORE_JUNCTION_TEMP              ; 0                                      ; --            ; --                   ; --             ;
; NOMINAL_CORE_SUPPLY_VOLTAGE         ; 1.2V                                   ; --            ; --                   ; --             ;
; PARTITION_COLOR                     ; -- (Not supported for targeted family) ; --            ; lab4_adders_toplevel ; Top            ;
; PARTITION_FITTER_PRESERVATION_LEVEL ; -- (Not supported for targeted family) ; --            ; lab4_adders_toplevel ; Top            ;
; PARTITION_NETLIST_TYPE              ; -- (Not supported for targeted family) ; --            ; lab4_adders_toplevel ; Top            ;
; POWER_BOARD_THERMAL_MODEL           ; None (CONSERVATIVE)                    ; --            ; --                   ; --             ;
; POWER_DEFAULT_INPUT_IO_TOGGLE_RATE  ; 12.5 %                                 ; 12.5%         ; --                   ; --             ;
; POWER_PRESET_COOLING_SOLUTION       ; 23 MM HEAT SINK WITH 200 LFPM AIRFLOW  ; --            ; --                   ; --             ;
; PROJECT_OUTPUT_DIRECTORY            ; output_files                           ; --            ; --                   ; --             ;
; TOP_LEVEL_ENTITY                    ; lab4_adders_toplevel                   ; ripple_adder  ; --                   ; --             ;
+-------------------------------------+----------------------------------------+---------------+----------------------+----------------+


+--------------------------------------------------------------------------------------------------------------------------+
; Flow Elapsed Time                                                                                                        ;
+----------------------+--------------+-------------------------+---------------------+------------------------------------+
; Module Name          ; Elapsed Time ; Average Processors Used ; Peak Virtual Memory ; Total CPU Time (on all processors) ;
+----------------------+--------------+-------------------------+---------------------+------------------------------------+
; Analysis & Synthesis ; 00:00:11     ; 1.0                     ; 4834 MB             ; 00:00:04                           ;
; Fitter               ; 00:00:10     ; 1.0                     ; 6498 MB             ; 00:00:12                           ;
; Assembler            ; 00:00:03     ; 1.0                     ; 4685 MB             ; 00:00:02                           ;
; Power Analyzer       ; 00:00:05     ; 1.0                     ; 5019 MB             ; 00:00:04                           ;
; Timing Analyzer      ; 00:00:02     ; 1.1                     ; 4970 MB             ; 00:00:02                           ;
; EDA Netlist Writer   ; 00:00:02     ; 1.0                     ; 4653 MB             ; 00:00:01                           ;
; Total                ; 00:00:33     ; --                      ; --                  ; 00:00:25                           ;
+----------------------+--------------+-------------------------+---------------------+------------------------------------+


+------------------------------------------------------------------------------------+
; Flow OS Summary                                                                    ;
+----------------------+------------------+------------+------------+----------------+
; Module Name          ; Machine Hostname ; OS Name    ; OS Version ; Processor type ;
+----------------------+------------------+------------+------------+----------------+
; Analysis & Synthesis ; ASTAR-8          ; Windows 10 ; 10.0       ; x86_64         ;
; Fitter               ; ASTAR-8          ; Windows 10 ; 10.0       ; x86_64         ;
; Assembler            ; ASTAR-8          ; Windows 10 ; 10.0       ; x86_64         ;
; Power Analyzer       ; ASTAR-8          ; Windows 10 ; 10.0       ; x86_64         ;
; Timing Analyzer      ; ASTAR-8          ; Windows 10 ; 10.0       ; x86_64         ;
; EDA Netlist Writer   ; ASTAR-8          ; Windows 10 ; 10.0       ; x86_64         ;
+----------------------+------------------+------------+------------+----------------+


------------
; Flow Log ;
------------
quartus_map --read_settings_files=on --write_settings_files=off ripple_adder -c ripple_adder
quartus_fit --read_settings_files=off --write_settings_files=off ripple_adder -c ripple_adder
quartus_asm --read_settings_files=off --write_settings_files=off ripple_adder -c ripple_adder
quartus_pow --read_settings_files=off --write_settings_files=off ripple_adder -c ripple_adder
quartus_sta ripple_adder -c ripple_adder
quartus_eda --read_settings_files=off --write_settings_files=off ripple_adder -c ripple_adder



